<?xml version="1.0" encoding="UTF-8"?>
<testsuite xmlns:xsi="http://www.w3.org/2001/XMLSchema-instance" xsi:noNamespaceSchemaLocation="https://maven.apache.org/surefire/maven-surefire-plugin/xsd/surefire-test-report.xsd" name="com.trivium.app.CalculatorTest" time="0.198" tests="4" errors="0" skipped="0" failures="0">
  <properties>
[...]
</properties>
  <testcase name="testAdd" classname="com.trivium.app.CalculatorTest" time="0.099"/>
  <testcase name="testMul" classname="com.trivium.app.CalculatorTest" time="0.001"/>
  <testcase name="testSubtract" classname="com.trivium.app.CalculatorTest" time="0"/>
  <testcase name="testDivide" classname="com.trivium.app.CalculatorTest" time="0.001"/>
</testsuite>